
///////////////////////////////////
// Efinity Synthesis Started 
// Apr 09, 2025 18:46:11
///////////////////////////////////

[EFX-0011 VERI-WARNING] literal value 'd50000000 truncated to fit in 24 bits (VERI-1208) (/home/trinity/Downloads/efinity/2024.2/project/verilog_learnings/add.v:9)

///////////////////////////////////
// Efinity Synthesis Started 
// Apr 10, 2025 09:33:48
///////////////////////////////////


///////////////////////////////////
// Efinity Synthesis Started 
// Apr 10, 2025 09:34:16
///////////////////////////////////


///////////////////////////////////
// Efinity Synthesis Started 
// Apr 10, 2025 09:35:48
///////////////////////////////////


///////////////////////////////////
// Efinity Synthesis Started 
// Apr 10, 2025 09:38:42
///////////////////////////////////


///////////////////////////////////
// Efinity Synthesis Started 
// Apr 10, 2025 09:40:50
///////////////////////////////////


///////////////////////////////////
// Efinity Synthesis Started 
// Apr 10, 2025 09:41:36
///////////////////////////////////


///////////////////////////////////
// Efinity Synthesis Started 
// Apr 10, 2025 09:43:36
///////////////////////////////////


///////////////////////////////////
// Efinity Synthesis Started 
// Apr 10, 2025 09:50:11
///////////////////////////////////


///////////////////////////////////
// Efinity Synthesis Started 
// Apr 10, 2025 15:50:36
///////////////////////////////////


///////////////////////////////////
// Efinity Synthesis Started 
// Apr 10, 2025 16:30:21
///////////////////////////////////


///////////////////////////////////
// Efinity Synthesis Started 
// Apr 10, 2025 17:28:21
///////////////////////////////////


///////////////////////////////////
// Efinity Synthesis Started 
// Apr 10, 2025 17:28:45
///////////////////////////////////


///////////////////////////////////
// Efinity Synthesis Started 
// Apr 10, 2025 17:29:50
///////////////////////////////////


///////////////////////////////////
// Efinity Synthesis Started 
// Apr 10, 2025 17:30:17
///////////////////////////////////


///////////////////////////////////
// Efinity Synthesis Started 
// Apr 10, 2025 17:37:28
///////////////////////////////////


///////////////////////////////////
// Efinity Synthesis Started 
// Apr 10, 2025 17:38:06
///////////////////////////////////


///////////////////////////////////
// Efinity Synthesis Started 
// Apr 10, 2025 17:38:18
///////////////////////////////////


///////////////////////////////////
// Efinity Synthesis Started 
// Apr 10, 2025 17:38:43
///////////////////////////////////


///////////////////////////////////
// Efinity Synthesis Started 
// Apr 10, 2025 17:39:00
///////////////////////////////////


///////////////////////////////////
// Efinity Synthesis Started 
// Apr 10, 2025 17:39:09
///////////////////////////////////


///////////////////////////////////
// Efinity Synthesis Started 
// Apr 10, 2025 17:39:43
///////////////////////////////////


///////////////////////////////////
// Efinity Synthesis Started 
// Apr 10, 2025 17:43:56
///////////////////////////////////


///////////////////////////////////
// Efinity Synthesis Started 
// Apr 10, 2025 17:45:28
///////////////////////////////////


///////////////////////////////////
// Efinity Synthesis Started 
// Apr 10, 2025 17:49:34
///////////////////////////////////


///////////////////////////////////
// Efinity Synthesis Started 
// Apr 10, 2025 18:43:15
///////////////////////////////////


///////////////////////////////////
// Efinity Synthesis Started 
// Apr 10, 2025 19:20:16
///////////////////////////////////


///////////////////////////////////
// Efinity Synthesis Started 
// Apr 10, 2025 19:21:35
///////////////////////////////////


///////////////////////////////////
// Efinity Synthesis Started 
// Apr 10, 2025 19:22:10
///////////////////////////////////


///////////////////////////////////
// Efinity Synthesis Started 
// Apr 10, 2025 19:35:20
///////////////////////////////////


///////////////////////////////////
// Efinity Synthesis Started 
// Apr 10, 2025 19:37:00
///////////////////////////////////

[EFX-0011 VERI-WARNING] port 'uart_config_data' remains unconnected for this instance (VERI-1927) (/home/trinity/Downloads/efinity/2024.2/project/verilog_learnings/half_adder.v:23)
[EFX-0011 VERI-WARNING] port 'uart_config_data' remains unconnected for this instance (VERI-1927) (/home/trinity/Downloads/efinity/2024.2/project/verilog_learnings/half_adder.v:50)
[EFX-0011 VERI-WARNING] expression size 4 truncated to fit in target size 3 (VERI-1209) (/home/trinity/Downloads/efinity/2024.2/project/verilog_learnings/half_adder.v:138)
[EFX-0011 VERI-WARNING] expression size 9 truncated to fit in target size 8 (VERI-1209) (/home/trinity/Downloads/efinity/2024.2/project/verilog_learnings/half_adder.v:171)
[EFX-0011 VERI-WARNING] net 'r_Rx_Byte[8]' does not have a driver (VDB-1002) (/home/trinity/Downloads/efinity/2024.2/project/verilog_learnings/half_adder.v:74)
[EFX-0011 VERI-WARNING] expression size 4 truncated to fit in target size 1 (VERI-1209) (/home/trinity/Downloads/efinity/2024.2/project/verilog_learnings/half_adder.v:36)
[EFX-0011 VERI-WARNING] expression size 4 truncated to fit in target size 3 (VERI-1209) (/home/trinity/Downloads/efinity/2024.2/project/verilog_learnings/half_adder.v:255)
[EFX-0011 VERI-WARNING] input port 'uart_config_data[31]' remains unconnected for this instance (VDB-1053) (/home/trinity/Downloads/efinity/2024.2/project/verilog_learnings/half_adder.v:17)
[EFX-0011 VERI-WARNING] input port 'uart_config_data[31]' remains unconnected for this instance (VDB-1053) (/home/trinity/Downloads/efinity/2024.2/project/verilog_learnings/half_adder.v:44)
[EFX-0201 WARNING] Re-wiring to GND non-driven net 'uart_rx_inst.uart_config_data[31]'. (/home/trinity/Downloads/efinity/2024.2/project/verilog_learnings/half_adder.v:17)
[EFX-0201 WARNING] Re-wiring to GND non-driven net 'uart_rx_inst.uart_config_data[30]'. (/home/trinity/Downloads/efinity/2024.2/project/verilog_learnings/half_adder.v:17)
[EFX-0201 WARNING] Re-wiring to GND non-driven net 'uart_rx_inst.uart_config_data[29]'. (/home/trinity/Downloads/efinity/2024.2/project/verilog_learnings/half_adder.v:17)
[EFX-0201 WARNING] Re-wiring to GND non-driven net 'uart_rx_inst.uart_config_data[28]'. (/home/trinity/Downloads/efinity/2024.2/project/verilog_learnings/half_adder.v:17)
[EFX-0201 WARNING] Re-wiring to GND non-driven net 'uart_rx_inst.uart_config_data[27]'. (/home/trinity/Downloads/efinity/2024.2/project/verilog_learnings/half_adder.v:17)
[EFX-0201 WARNING] Re-wiring to GND non-driven net 'uart_rx_inst.uart_config_data[26]'. (/home/trinity/Downloads/efinity/2024.2/project/verilog_learnings/half_adder.v:17)
[EFX-0201 WARNING] Re-wiring to GND non-driven net 'uart_rx_inst.uart_config_data[25]'. (/home/trinity/Downloads/efinity/2024.2/project/verilog_learnings/half_adder.v:17)
[EFX-0201 WARNING] Re-wiring to GND non-driven net 'uart_rx_inst.uart_config_data[24]'. (/home/trinity/Downloads/efinity/2024.2/project/verilog_learnings/half_adder.v:17)
[EFX-0201 WARNING] Re-wiring to GND non-driven net 'uart_rx_inst.uart_config_data[23]'. (/home/trinity/Downloads/efinity/2024.2/project/verilog_learnings/half_adder.v:17)
[EFX-0201 WARNING] Re-wiring to GND non-driven net 'uart_rx_inst.uart_config_data[22]'. (/home/trinity/Downloads/efinity/2024.2/project/verilog_learnings/half_adder.v:17)

///////////////////////////////////
// Efinity Synthesis Started 
// Apr 10, 2025 20:08:09
///////////////////////////////////

[EFX-0011 VERI-WARNING] port 'uart_config_data' remains unconnected for this instance (VERI-1927) (/home/trinity/Downloads/efinity/2024.2/project/verilog_learnings/half_adder.v:23)
[EFX-0011 VERI-WARNING] port 'uart_config_data' remains unconnected for this instance (VERI-1927) (/home/trinity/Downloads/efinity/2024.2/project/verilog_learnings/half_adder.v:50)
[EFX-0011 VERI-WARNING] expression size 4 truncated to fit in target size 3 (VERI-1209) (/home/trinity/Downloads/efinity/2024.2/project/verilog_learnings/half_adder.v:138)
[EFX-0011 VERI-WARNING] expression size 9 truncated to fit in target size 8 (VERI-1209) (/home/trinity/Downloads/efinity/2024.2/project/verilog_learnings/half_adder.v:171)
[EFX-0011 VERI-WARNING] net 'r_Rx_Byte[8]' does not have a driver (VDB-1002) (/home/trinity/Downloads/efinity/2024.2/project/verilog_learnings/half_adder.v:74)
[EFX-0011 VERI-WARNING] expression size 4 truncated to fit in target size 1 (VERI-1209) (/home/trinity/Downloads/efinity/2024.2/project/verilog_learnings/half_adder.v:36)
[EFX-0011 VERI-WARNING] expression size 4 truncated to fit in target size 3 (VERI-1209) (/home/trinity/Downloads/efinity/2024.2/project/verilog_learnings/half_adder.v:255)
[EFX-0011 VERI-WARNING] input port 'uart_config_data[31]' remains unconnected for this instance (VDB-1053) (/home/trinity/Downloads/efinity/2024.2/project/verilog_learnings/half_adder.v:17)
[EFX-0011 VERI-WARNING] input port 'uart_config_data[31]' remains unconnected for this instance (VDB-1053) (/home/trinity/Downloads/efinity/2024.2/project/verilog_learnings/half_adder.v:44)
[EFX-0201 WARNING] Re-wiring to GND non-driven net 'uart_rx_inst.uart_config_data[31]'. (/home/trinity/Downloads/efinity/2024.2/project/verilog_learnings/half_adder.v:17)
[EFX-0201 WARNING] Re-wiring to GND non-driven net 'uart_rx_inst.uart_config_data[30]'. (/home/trinity/Downloads/efinity/2024.2/project/verilog_learnings/half_adder.v:17)
[EFX-0201 WARNING] Re-wiring to GND non-driven net 'uart_rx_inst.uart_config_data[29]'. (/home/trinity/Downloads/efinity/2024.2/project/verilog_learnings/half_adder.v:17)
[EFX-0201 WARNING] Re-wiring to GND non-driven net 'uart_rx_inst.uart_config_data[28]'. (/home/trinity/Downloads/efinity/2024.2/project/verilog_learnings/half_adder.v:17)
[EFX-0201 WARNING] Re-wiring to GND non-driven net 'uart_rx_inst.uart_config_data[27]'. (/home/trinity/Downloads/efinity/2024.2/project/verilog_learnings/half_adder.v:17)
[EFX-0201 WARNING] Re-wiring to GND non-driven net 'uart_rx_inst.uart_config_data[26]'. (/home/trinity/Downloads/efinity/2024.2/project/verilog_learnings/half_adder.v:17)
[EFX-0201 WARNING] Re-wiring to GND non-driven net 'uart_rx_inst.uart_config_data[25]'. (/home/trinity/Downloads/efinity/2024.2/project/verilog_learnings/half_adder.v:17)
[EFX-0201 WARNING] Re-wiring to GND non-driven net 'uart_rx_inst.uart_config_data[24]'. (/home/trinity/Downloads/efinity/2024.2/project/verilog_learnings/half_adder.v:17)
[EFX-0201 WARNING] Re-wiring to GND non-driven net 'uart_rx_inst.uart_config_data[23]'. (/home/trinity/Downloads/efinity/2024.2/project/verilog_learnings/half_adder.v:17)
[EFX-0201 WARNING] Re-wiring to GND non-driven net 'uart_rx_inst.uart_config_data[22]'. (/home/trinity/Downloads/efinity/2024.2/project/verilog_learnings/half_adder.v:17)

///////////////////////////////////
// Efinity Synthesis Started 
// Apr 10, 2025 20:10:25
///////////////////////////////////

[EFX-0011 VERI-WARNING] port 'uart_config_data' remains unconnected for this instance (VERI-1927) (/home/trinity/Downloads/efinity/2024.2/project/verilog_learnings/half_adder.v:23)
[EFX-0011 VERI-WARNING] port 'uart_config_data' remains unconnected for this instance (VERI-1927) (/home/trinity/Downloads/efinity/2024.2/project/verilog_learnings/half_adder.v:50)
[EFX-0011 VERI-WARNING] expression size 4 truncated to fit in target size 3 (VERI-1209) (/home/trinity/Downloads/efinity/2024.2/project/verilog_learnings/half_adder.v:138)
[EFX-0011 VERI-WARNING] expression size 9 truncated to fit in target size 8 (VERI-1209) (/home/trinity/Downloads/efinity/2024.2/project/verilog_learnings/half_adder.v:171)
[EFX-0011 VERI-WARNING] net 'r_Rx_Byte[8]' does not have a driver (VDB-1002) (/home/trinity/Downloads/efinity/2024.2/project/verilog_learnings/half_adder.v:74)
[EFX-0011 VERI-WARNING] expression size 4 truncated to fit in target size 1 (VERI-1209) (/home/trinity/Downloads/efinity/2024.2/project/verilog_learnings/half_adder.v:36)
[EFX-0011 VERI-WARNING] expression size 4 truncated to fit in target size 3 (VERI-1209) (/home/trinity/Downloads/efinity/2024.2/project/verilog_learnings/half_adder.v:255)
[EFX-0011 VERI-WARNING] input port 'uart_config_data[31]' remains unconnected for this instance (VDB-1053) (/home/trinity/Downloads/efinity/2024.2/project/verilog_learnings/half_adder.v:17)
[EFX-0011 VERI-WARNING] input port 'uart_config_data[31]' remains unconnected for this instance (VDB-1053) (/home/trinity/Downloads/efinity/2024.2/project/verilog_learnings/half_adder.v:44)
[EFX-0201 WARNING] Re-wiring to GND non-driven net 'uart_rx_inst.uart_config_data[31]'. (/home/trinity/Downloads/efinity/2024.2/project/verilog_learnings/half_adder.v:17)
[EFX-0201 WARNING] Re-wiring to GND non-driven net 'uart_rx_inst.uart_config_data[30]'. (/home/trinity/Downloads/efinity/2024.2/project/verilog_learnings/half_adder.v:17)
[EFX-0201 WARNING] Re-wiring to GND non-driven net 'uart_rx_inst.uart_config_data[29]'. (/home/trinity/Downloads/efinity/2024.2/project/verilog_learnings/half_adder.v:17)
[EFX-0201 WARNING] Re-wiring to GND non-driven net 'uart_rx_inst.uart_config_data[28]'. (/home/trinity/Downloads/efinity/2024.2/project/verilog_learnings/half_adder.v:17)
[EFX-0201 WARNING] Re-wiring to GND non-driven net 'uart_rx_inst.uart_config_data[27]'. (/home/trinity/Downloads/efinity/2024.2/project/verilog_learnings/half_adder.v:17)
[EFX-0201 WARNING] Re-wiring to GND non-driven net 'uart_rx_inst.uart_config_data[26]'. (/home/trinity/Downloads/efinity/2024.2/project/verilog_learnings/half_adder.v:17)
[EFX-0201 WARNING] Re-wiring to GND non-driven net 'uart_rx_inst.uart_config_data[25]'. (/home/trinity/Downloads/efinity/2024.2/project/verilog_learnings/half_adder.v:17)
[EFX-0201 WARNING] Re-wiring to GND non-driven net 'uart_rx_inst.uart_config_data[24]'. (/home/trinity/Downloads/efinity/2024.2/project/verilog_learnings/half_adder.v:17)
[EFX-0201 WARNING] Re-wiring to GND non-driven net 'uart_rx_inst.uart_config_data[23]'. (/home/trinity/Downloads/efinity/2024.2/project/verilog_learnings/half_adder.v:17)
[EFX-0201 WARNING] Re-wiring to GND non-driven net 'uart_rx_inst.uart_config_data[22]'. (/home/trinity/Downloads/efinity/2024.2/project/verilog_learnings/half_adder.v:17)

///////////////////////////////////
// Efinity Synthesis Started 
// Apr 11, 2025 09:41:01
///////////////////////////////////

[EFX-0011 VERI-WARNING] port 'uart_config_data' remains unconnected for this instance (VERI-1927) (/home/trinity/Downloads/efinity/2024.2/project/verilog_learnings/half_adder.v:23)
[EFX-0011 VERI-WARNING] port 'uart_config_data' remains unconnected for this instance (VERI-1927) (/home/trinity/Downloads/efinity/2024.2/project/verilog_learnings/half_adder.v:50)
[EFX-0011 VERI-WARNING] expression size 4 truncated to fit in target size 3 (VERI-1209) (/home/trinity/Downloads/efinity/2024.2/project/verilog_learnings/half_adder.v:138)
[EFX-0011 VERI-WARNING] expression size 9 truncated to fit in target size 8 (VERI-1209) (/home/trinity/Downloads/efinity/2024.2/project/verilog_learnings/half_adder.v:171)
[EFX-0011 VERI-WARNING] net 'r_Rx_Byte[8]' does not have a driver (VDB-1002) (/home/trinity/Downloads/efinity/2024.2/project/verilog_learnings/half_adder.v:74)
[EFX-0011 VERI-WARNING] expression size 4 truncated to fit in target size 1 (VERI-1209) (/home/trinity/Downloads/efinity/2024.2/project/verilog_learnings/half_adder.v:36)
[EFX-0011 VERI-WARNING] expression size 4 truncated to fit in target size 3 (VERI-1209) (/home/trinity/Downloads/efinity/2024.2/project/verilog_learnings/half_adder.v:255)
[EFX-0011 VERI-WARNING] input port 'uart_config_data[31]' remains unconnected for this instance (VDB-1053) (/home/trinity/Downloads/efinity/2024.2/project/verilog_learnings/half_adder.v:17)
[EFX-0011 VERI-WARNING] input port 'uart_config_data[31]' remains unconnected for this instance (VDB-1053) (/home/trinity/Downloads/efinity/2024.2/project/verilog_learnings/half_adder.v:44)
[EFX-0201 WARNING] Re-wiring to GND non-driven net 'uart_rx_inst.uart_config_data[31]'. (/home/trinity/Downloads/efinity/2024.2/project/verilog_learnings/half_adder.v:17)
[EFX-0201 WARNING] Re-wiring to GND non-driven net 'uart_rx_inst.uart_config_data[30]'. (/home/trinity/Downloads/efinity/2024.2/project/verilog_learnings/half_adder.v:17)
[EFX-0201 WARNING] Re-wiring to GND non-driven net 'uart_rx_inst.uart_config_data[29]'. (/home/trinity/Downloads/efinity/2024.2/project/verilog_learnings/half_adder.v:17)
[EFX-0201 WARNING] Re-wiring to GND non-driven net 'uart_rx_inst.uart_config_data[28]'. (/home/trinity/Downloads/efinity/2024.2/project/verilog_learnings/half_adder.v:17)
[EFX-0201 WARNING] Re-wiring to GND non-driven net 'uart_rx_inst.uart_config_data[27]'. (/home/trinity/Downloads/efinity/2024.2/project/verilog_learnings/half_adder.v:17)
[EFX-0201 WARNING] Re-wiring to GND non-driven net 'uart_rx_inst.uart_config_data[26]'. (/home/trinity/Downloads/efinity/2024.2/project/verilog_learnings/half_adder.v:17)
[EFX-0201 WARNING] Re-wiring to GND non-driven net 'uart_rx_inst.uart_config_data[25]'. (/home/trinity/Downloads/efinity/2024.2/project/verilog_learnings/half_adder.v:17)
[EFX-0201 WARNING] Re-wiring to GND non-driven net 'uart_rx_inst.uart_config_data[24]'. (/home/trinity/Downloads/efinity/2024.2/project/verilog_learnings/half_adder.v:17)
[EFX-0201 WARNING] Re-wiring to GND non-driven net 'uart_rx_inst.uart_config_data[23]'. (/home/trinity/Downloads/efinity/2024.2/project/verilog_learnings/half_adder.v:17)
[EFX-0201 WARNING] Re-wiring to GND non-driven net 'uart_rx_inst.uart_config_data[22]'. (/home/trinity/Downloads/efinity/2024.2/project/verilog_learnings/half_adder.v:17)

///////////////////////////////////
// Efinity Synthesis Started 
// Apr 11, 2025 12:31:59
///////////////////////////////////

[EFX-0011 VERI-WARNING] port 'uart_config_data' remains unconnected for this instance (VERI-1927) (/home/trinity/Downloads/efinity/2024.2/project/verilog_learnings/half_adder.v:23)
[EFX-0011 VERI-WARNING] port 'uart_config_data' remains unconnected for this instance (VERI-1927) (/home/trinity/Downloads/efinity/2024.2/project/verilog_learnings/half_adder.v:49)
[EFX-0011 VERI-WARNING] expression size 4 truncated to fit in target size 3 (VERI-1209) (/home/trinity/Downloads/efinity/2024.2/project/verilog_learnings/half_adder.v:138)
[EFX-0011 VERI-WARNING] expression size 9 truncated to fit in target size 8 (VERI-1209) (/home/trinity/Downloads/efinity/2024.2/project/verilog_learnings/half_adder.v:171)
[EFX-0011 VERI-WARNING] net 'r_Rx_Byte[8]' does not have a driver (VDB-1002) (/home/trinity/Downloads/efinity/2024.2/project/verilog_learnings/half_adder.v:74)
[EFX-0011 VERI-WARNING] expression size 4 truncated to fit in target size 1 (VERI-1209) (/home/trinity/Downloads/efinity/2024.2/project/verilog_learnings/half_adder.v:36)
[EFX-0011 VERI-WARNING] expression size 4 truncated to fit in target size 3 (VERI-1209) (/home/trinity/Downloads/efinity/2024.2/project/verilog_learnings/half_adder.v:255)
[EFX-0011 VERI-WARNING] input port 'uart_config_data[31]' remains unconnected for this instance (VDB-1053) (/home/trinity/Downloads/efinity/2024.2/project/verilog_learnings/half_adder.v:17)
[EFX-0011 VERI-WARNING] input port 'uart_config_data[31]' remains unconnected for this instance (VDB-1053) (/home/trinity/Downloads/efinity/2024.2/project/verilog_learnings/half_adder.v:44)
[EFX-0201 WARNING] Re-wiring to GND non-driven net 'uart_rx_inst.uart_config_data[31]'. (/home/trinity/Downloads/efinity/2024.2/project/verilog_learnings/half_adder.v:17)
[EFX-0201 WARNING] Re-wiring to GND non-driven net 'uart_rx_inst.uart_config_data[30]'. (/home/trinity/Downloads/efinity/2024.2/project/verilog_learnings/half_adder.v:17)
[EFX-0201 WARNING] Re-wiring to GND non-driven net 'uart_rx_inst.uart_config_data[29]'. (/home/trinity/Downloads/efinity/2024.2/project/verilog_learnings/half_adder.v:17)
[EFX-0201 WARNING] Re-wiring to GND non-driven net 'uart_rx_inst.uart_config_data[28]'. (/home/trinity/Downloads/efinity/2024.2/project/verilog_learnings/half_adder.v:17)
[EFX-0201 WARNING] Re-wiring to GND non-driven net 'uart_rx_inst.uart_config_data[27]'. (/home/trinity/Downloads/efinity/2024.2/project/verilog_learnings/half_adder.v:17)
[EFX-0201 WARNING] Re-wiring to GND non-driven net 'uart_rx_inst.uart_config_data[26]'. (/home/trinity/Downloads/efinity/2024.2/project/verilog_learnings/half_adder.v:17)
[EFX-0201 WARNING] Re-wiring to GND non-driven net 'uart_rx_inst.uart_config_data[25]'. (/home/trinity/Downloads/efinity/2024.2/project/verilog_learnings/half_adder.v:17)
[EFX-0201 WARNING] Re-wiring to GND non-driven net 'uart_rx_inst.uart_config_data[24]'. (/home/trinity/Downloads/efinity/2024.2/project/verilog_learnings/half_adder.v:17)
[EFX-0201 WARNING] Re-wiring to GND non-driven net 'uart_rx_inst.uart_config_data[23]'. (/home/trinity/Downloads/efinity/2024.2/project/verilog_learnings/half_adder.v:17)
[EFX-0201 WARNING] Re-wiring to GND non-driven net 'uart_rx_inst.uart_config_data[22]'. (/home/trinity/Downloads/efinity/2024.2/project/verilog_learnings/half_adder.v:17)

///////////////////////////////////
// Efinity Synthesis Started 
// Apr 11, 2025 12:43:18
///////////////////////////////////

[EFX-0011 VERI-WARNING] port 'uart_config_data' remains unconnected for this instance (VERI-1927) (/home/trinity/Downloads/efinity/2024.2/project/verilog_learnings/half_adder.v:23)
[EFX-0011 VERI-WARNING] port 'uart_config_data' remains unconnected for this instance (VERI-1927) (/home/trinity/Downloads/efinity/2024.2/project/verilog_learnings/half_adder.v:49)
[EFX-0011 VERI-WARNING] expression size 4 truncated to fit in target size 3 (VERI-1209) (/home/trinity/Downloads/efinity/2024.2/project/verilog_learnings/half_adder.v:138)
[EFX-0011 VERI-WARNING] expression size 9 truncated to fit in target size 8 (VERI-1209) (/home/trinity/Downloads/efinity/2024.2/project/verilog_learnings/half_adder.v:171)
[EFX-0011 VERI-WARNING] net 'r_Rx_Byte[8]' does not have a driver (VDB-1002) (/home/trinity/Downloads/efinity/2024.2/project/verilog_learnings/half_adder.v:74)
[EFX-0011 VERI-WARNING] expression size 4 truncated to fit in target size 1 (VERI-1209) (/home/trinity/Downloads/efinity/2024.2/project/verilog_learnings/half_adder.v:36)
[EFX-0011 VERI-WARNING] expression size 4 truncated to fit in target size 3 (VERI-1209) (/home/trinity/Downloads/efinity/2024.2/project/verilog_learnings/half_adder.v:255)
[EFX-0011 VERI-WARNING] input port 'uart_config_data[31]' remains unconnected for this instance (VDB-1053) (/home/trinity/Downloads/efinity/2024.2/project/verilog_learnings/half_adder.v:17)
[EFX-0011 VERI-WARNING] input port 'uart_config_data[31]' remains unconnected for this instance (VDB-1053) (/home/trinity/Downloads/efinity/2024.2/project/verilog_learnings/half_adder.v:44)
[EFX-0201 WARNING] Re-wiring to GND non-driven net 'uart_rx_inst.uart_config_data[31]'. (/home/trinity/Downloads/efinity/2024.2/project/verilog_learnings/half_adder.v:17)
[EFX-0201 WARNING] Re-wiring to GND non-driven net 'uart_rx_inst.uart_config_data[30]'. (/home/trinity/Downloads/efinity/2024.2/project/verilog_learnings/half_adder.v:17)
[EFX-0201 WARNING] Re-wiring to GND non-driven net 'uart_rx_inst.uart_config_data[29]'. (/home/trinity/Downloads/efinity/2024.2/project/verilog_learnings/half_adder.v:17)
[EFX-0201 WARNING] Re-wiring to GND non-driven net 'uart_rx_inst.uart_config_data[28]'. (/home/trinity/Downloads/efinity/2024.2/project/verilog_learnings/half_adder.v:17)
[EFX-0201 WARNING] Re-wiring to GND non-driven net 'uart_rx_inst.uart_config_data[27]'. (/home/trinity/Downloads/efinity/2024.2/project/verilog_learnings/half_adder.v:17)
[EFX-0201 WARNING] Re-wiring to GND non-driven net 'uart_rx_inst.uart_config_data[26]'. (/home/trinity/Downloads/efinity/2024.2/project/verilog_learnings/half_adder.v:17)
[EFX-0201 WARNING] Re-wiring to GND non-driven net 'uart_rx_inst.uart_config_data[25]'. (/home/trinity/Downloads/efinity/2024.2/project/verilog_learnings/half_adder.v:17)
[EFX-0201 WARNING] Re-wiring to GND non-driven net 'uart_rx_inst.uart_config_data[24]'. (/home/trinity/Downloads/efinity/2024.2/project/verilog_learnings/half_adder.v:17)
[EFX-0201 WARNING] Re-wiring to GND non-driven net 'uart_rx_inst.uart_config_data[23]'. (/home/trinity/Downloads/efinity/2024.2/project/verilog_learnings/half_adder.v:17)
[EFX-0201 WARNING] Re-wiring to GND non-driven net 'uart_rx_inst.uart_config_data[22]'. (/home/trinity/Downloads/efinity/2024.2/project/verilog_learnings/half_adder.v:17)

///////////////////////////////////
// Efinity Synthesis Started 
// Apr 11, 2025 12:56:47
///////////////////////////////////

[EFX-0011 VERI-WARNING] port 'uart_config_data' remains unconnected for this instance (VERI-1927) (/home/trinity/Downloads/efinity/2024.2/project/verilog_learnings/half_adder.v:23)
[EFX-0011 VERI-WARNING] port 'uart_config_data' remains unconnected for this instance (VERI-1927) (/home/trinity/Downloads/efinity/2024.2/project/verilog_learnings/half_adder.v:49)
[EFX-0011 VERI-WARNING] expression size 4 truncated to fit in target size 3 (VERI-1209) (/home/trinity/Downloads/efinity/2024.2/project/verilog_learnings/half_adder.v:138)
[EFX-0011 VERI-WARNING] expression size 9 truncated to fit in target size 8 (VERI-1209) (/home/trinity/Downloads/efinity/2024.2/project/verilog_learnings/half_adder.v:171)
[EFX-0011 VERI-WARNING] net 'r_Rx_Byte[8]' does not have a driver (VDB-1002) (/home/trinity/Downloads/efinity/2024.2/project/verilog_learnings/half_adder.v:74)
[EFX-0011 VERI-WARNING] expression size 4 truncated to fit in target size 1 (VERI-1209) (/home/trinity/Downloads/efinity/2024.2/project/verilog_learnings/half_adder.v:36)
[EFX-0011 VERI-WARNING] expression size 4 truncated to fit in target size 3 (VERI-1209) (/home/trinity/Downloads/efinity/2024.2/project/verilog_learnings/half_adder.v:255)
[EFX-0011 VERI-WARNING] input port 'uart_config_data[31]' remains unconnected for this instance (VDB-1053) (/home/trinity/Downloads/efinity/2024.2/project/verilog_learnings/half_adder.v:17)
[EFX-0011 VERI-WARNING] input port 'uart_config_data[31]' remains unconnected for this instance (VDB-1053) (/home/trinity/Downloads/efinity/2024.2/project/verilog_learnings/half_adder.v:44)
[EFX-0201 WARNING] Re-wiring to GND non-driven net 'uart_rx_inst.uart_config_data[31]'. (/home/trinity/Downloads/efinity/2024.2/project/verilog_learnings/half_adder.v:17)
[EFX-0201 WARNING] Re-wiring to GND non-driven net 'uart_rx_inst.uart_config_data[30]'. (/home/trinity/Downloads/efinity/2024.2/project/verilog_learnings/half_adder.v:17)
[EFX-0201 WARNING] Re-wiring to GND non-driven net 'uart_rx_inst.uart_config_data[29]'. (/home/trinity/Downloads/efinity/2024.2/project/verilog_learnings/half_adder.v:17)
[EFX-0201 WARNING] Re-wiring to GND non-driven net 'uart_rx_inst.uart_config_data[28]'. (/home/trinity/Downloads/efinity/2024.2/project/verilog_learnings/half_adder.v:17)
[EFX-0201 WARNING] Re-wiring to GND non-driven net 'uart_rx_inst.uart_config_data[27]'. (/home/trinity/Downloads/efinity/2024.2/project/verilog_learnings/half_adder.v:17)
[EFX-0201 WARNING] Re-wiring to GND non-driven net 'uart_rx_inst.uart_config_data[26]'. (/home/trinity/Downloads/efinity/2024.2/project/verilog_learnings/half_adder.v:17)
[EFX-0201 WARNING] Re-wiring to GND non-driven net 'uart_rx_inst.uart_config_data[25]'. (/home/trinity/Downloads/efinity/2024.2/project/verilog_learnings/half_adder.v:17)
[EFX-0201 WARNING] Re-wiring to GND non-driven net 'uart_rx_inst.uart_config_data[24]'. (/home/trinity/Downloads/efinity/2024.2/project/verilog_learnings/half_adder.v:17)
[EFX-0201 WARNING] Re-wiring to GND non-driven net 'uart_rx_inst.uart_config_data[23]'. (/home/trinity/Downloads/efinity/2024.2/project/verilog_learnings/half_adder.v:17)
[EFX-0201 WARNING] Re-wiring to GND non-driven net 'uart_rx_inst.uart_config_data[22]'. (/home/trinity/Downloads/efinity/2024.2/project/verilog_learnings/half_adder.v:17)
