
Efinix FPGA Placement and Routing.
Version: 2024.2.294 
Date: Fri Apr 11 12:57:39 2025

Copyright (C) 2013 - 2024 Efinix, Inc. All rights reserved.
 
Family: Trion 
Device: T120F324
Top-level Entity Name: verilog_learnings
Elapsed time for packing: 0 hours 0 minutes 0 seconds

---------- Resource Summary (begin) ----------
Inputs: 9 / 1076 (0.84%)
Outputs: 2 / 1566 (0.13%)
Clocks: 2 / 16 (12.50%)
Logic Elements: 1761 / 112128 (1.57%)
	LE: LUTs/Adders: 1356 / 112128 (1.21%)
	LE: Registers: 811 / 107520 (0.75%)
Memory Blocks: 2 / 1056 (0.19%)
Multipliers: 0 / 320 (0.00%)
---------- Resource Summary (end) ----------


---------- Memory Block Information (begin) ----------

+-------------------------------------------------------------------------------------+------+------------+-------------+------------+------------+
|                                        NAME                                         | MODE | READ_WIDTH | WRITE_WIDTH | WRITE_MODE | OUTPUT_REG |
+-------------------------------------------------------------------------------------+------+------------+-------------+------------+------------+
| edb_top_inst/la0/la_biu_inst/fifo_with_read_inst/simple_dual_port_ram_inst/ram__D$1 | SDP  |     5      |      5      | READ_FIRST |   false    |
| edb_top_inst/la0/la_biu_inst/fifo_with_read_inst/simple_dual_port_ram_inst/ram__D$2 | SDP  |     5      |      5      | READ_FIRST |   false    |
+-------------------------------------------------------------------------------------+------+------------+-------------+------------+------------+

----------- Memory Block Information (end) ----------


---------- IO Interface Summary (begin) ----------

+------------------------+--------------+
| Missing Interface Pins | Input/Output |
+------------------------+--------------+
|    jtag_inst1_DRCK     |    Input     |
|     jtag_inst1_TMS     |    Input     |
|   jtag_inst1_RUNTEST   |    Input     |
+------------------------+--------------+

----------- IO Interface Summary (end) ----------

Elapsed time for placement: 0 hours 0 minutes 6 seconds
