INFO     : Efinix FPGA Bitstream Generator.
INFO     : Version: 2024.2.294 
INFO     : Copyright (C) 2013 - 2024 Efinix, Inc. All rights reserved.
INFO     : Compiled: Nov 14 2024.
INFO     : Using source file "/home/trinity/Downloads/efinity/2024.2/project/verilog_learnings/work_pnr/verilog_learnings.lbf"
INFO     : Generating HEX programming file for device "T120F324", family "Trion"
INFO     : Using periphery source file "/home/trinity/Downloads/efinity/2024.2/project/verilog_learnings/outflow/verilog_learnings.lpf"
INFO     : Generating bit file: "/home/trinity/Downloads/efinity/2024.2/project/verilog_learnings/outflow/verilog_learnings.bit"
INFO     : HEX Generation Options Summary:
INFO     : 	Listing options specified to bitstream generation:
INFO     : 	spi_low_power_mode                       = on
INFO     : 	oscillator_clock_divider                 = DIV8
INFO     : 	io_weak_pullup                           = on
INFO     : 	enable_remote_update                     = off
INFO     : 	release_tri_then_reset                   = on
INFO     : Finished generating "/home/trinity/Downloads/efinity/2024.2/project/verilog_learnings/outflow/verilog_learnings.hex"
INFO     : Efinix Bitstream Generator took 2.90775 seconds.
INFO     : 	Efinix Bitstream Generator took 2.06 seconds (approximately) in total CPU time.
INFO     : Efinix Bitstream Generator virtual memory usage: begin = 34.984 MB, end = 332.648 MB, delta = 297.664 MB
INFO     : Efinix Bitstream Generator resident set memory usage: begin = 18.868 MB, end = 285.512 MB, delta = 266.644 MB
INFO     : 	Efinix Bitstream Generator peak resident set memory usage = 290.012 MB
