DEBUG    : Initialising Efx::ConcurrencyControl with 6 threads [Debug]
INFO     : --max_threads set to 6 
INFO     : --max_threads set to 6 
INFO     : Deleting any pre-existing troute trace files
INFO     : Deleting any pre-existing troute trace files
INFO     : --max_threads set to 6 
           ***** Beginning stage netlist pre-processing ... *****
INFO     : Successfully Read in Verific binary Netlist dump file "/home/trinity/Downloads/efinity/2024.2/project/verilog_learnings/outflow/verilog_learnings.dbg.vdb".
INFO     : ***** Beginning VDB Netlist Checker ... *****
INFO     : VDB Netlist Checker took 0.00775204 seconds.
INFO     : 	VDB Netlist Checker took 0.02 seconds (approximately) in total CPU time.
INFO     : VDB Netlist Checker virtual memory usage: begin = 2609.23 MB, end = 2629.73 MB, delta = 20.5 MB
INFO     : VDB Netlist Checker resident set memory usage: begin = 507.464 MB, end = 507.592 MB, delta = 0.128 MB
INFO     : 	VDB Netlist Checker peak resident set memory usage = 2235.64 MB
INFO     : ***** Ending VDB Netlist Checker ... *****
INFO     : Reading core interface constraints file "/home/trinity/Downloads/efinity/2024.2/project/verilog_learnings/outflow/verilog_learnings.interface.csv"
INFO     : Successfully read core interface constraints file "/home/trinity/Downloads/efinity/2024.2/project/verilog_learnings/outflow/verilog_learnings.interface.csv"
INFO     : Found 0 constant generator nets.
INFO     : Pass 0: Swept away 0 nets with no fanout.
INFO     : logical_block #4(jtag_inst1_DRCK) has no fanout.
INFO     : Removing input.
INFO     : logical_block #6(jtag_inst1_RUNTEST) has no fanout.
INFO     : Removing input.
INFO     : logical_block #11(jtag_inst1_TMS) has no fanout.
INFO     : Removing input.
INFO     : Pass 0: Swept away 3 blocks with no fanout.
INFO     : Pass 1: Swept away 0 nets with no fanout.
INFO     : Pass 1: Swept away 0 blocks with no fanout.
INFO     : Swept away 0 nets and 3 blocks in total.
INFO     : Removed 0 LUT buffers
INFO     : Sweept away 3 nodes
INFO     : Successfully created VPR logical netlist from Verific binary DataBase file "/home/trinity/Downloads/efinity/2024.2/project/verilog_learnings/outflow/verilog_learnings.dbg.vdb".
INFO     : Netlist pre-processing took 0.0583343 seconds.
INFO     : 	Netlist pre-processing took 0.07 seconds (approximately) in total CPU time.
INFO     : Netlist pre-processing virtual memory usage: begin = 2609.15 MB, end = 2629.73 MB, delta = 20.58 MB
INFO     : Netlist pre-processing resident set memory usage: begin = 507.336 MB, end = 508.744 MB, delta = 1.408 MB
INFO     : 	Netlist pre-processing peak resident set memory usage = 2235.64 MB
           ***** Ending stage netlist pre-processing *****
           
INFO     : Read proto netlist file /home/trinity/Downloads/efinity/2024.2/project/verilog_learnings/work_pnr/verilog_learnings.net_proto
INFO     : Read proto netlist for file "/home/trinity/Downloads/efinity/2024.2/project/verilog_learnings/work_pnr/verilog_learnings.net_proto" took 0.001044 seconds
INFO     : Setup net and block data structure took 0.044138 seconds
INFO     : Run checks after load placement.
WARNING  : Clock source jtag_inst1_TCK does not use a dedicated clock pad, so extra clock insertion delay is added
WARNING  : Clock input pad, clk, of net, clk, drives both clock buffer and logic. Expect extra clock skew.
INFO     : The driver, jtag_inst1_RESET, of control net, jtag_inst1_RESET, should be placed at a dedicated control pad location.
INFO     : Read ipin pattern from /home/trinity/Downloads/efinity/2024.2/arch/./routing/ipin_oph.xml
INFO     : Finished parsing ipin pattern file '/home/trinity/Downloads/efinity/2024.2/arch/./routing/ipin_oph.xdb'.
INFO     : Finished parsing switch_block file '/home/trinity/Downloads/efinity/2024.2/arch/./routing/sb_connectivity_subset.xdb'.
INFO     : BuildGraph process took 13.4857 seconds.
INFO     : 	BuildGraph process took 13.95 seconds (approximately) in total CPU time.
INFO     : BuildGraph process virtual memory usage: begin = 2629.73 MB, end = 2629.73 MB, delta = 0 MB
INFO     : BuildGraph process resident set memory usage: begin = 523.848 MB, end = 2213.94 MB, delta = 1690.09 MB
INFO     : 	BuildGraph process peak resident set memory usage = 2235.64 MB
INFO     : check rr_graph process took 0.44344 seconds.
INFO     : 	check rr_graph process took 0.46 seconds (approximately) in total CPU time.
INFO     : check rr_graph process virtual memory usage: begin = 2629.73 MB, end = 2655.72 MB, delta = 25.992 MB
INFO     : check rr_graph process resident set memory usage: begin = 2213.94 MB, end = 2239.86 MB, delta = 25.928 MB
INFO     : 	check rr_graph process peak resident set memory usage = 2239.86 MB
INFO     : Generated 6653808 RR nodes and 25233510 RR edges
INFO     : This design has 0 global control net(s). See /home/trinity/Downloads/efinity/2024.2/project/verilog_learnings/outflow/verilog_learnings.pnr.rpt for details.
INFO     : Reading route file, /home/trinity/Downloads/efinity/2024.2/project/verilog_learnings/outflow/verilog_learnings.route
INFO     : Reading core interface constraints file "/home/trinity/Downloads/efinity/2024.2/project/verilog_learnings/outflow/verilog_learnings.interface.csv"
INFO     : Successfully read core interface constraints file "/home/trinity/Downloads/efinity/2024.2/project/verilog_learnings/outflow/verilog_learnings.interface.csv"
WARNING  : [SDC /home/trinity/Downloads/efinity/2024.2/project/verilog_learnings/adder_cons.sdc:2] No clock groups specified, please type 'set_clock_groups -help' for usage info
WARNING  : [SDC /home/trinity/Downloads/efinity/2024.2/project/verilog_learnings/adder_cons.sdc:2] Unable to run 'set_clock_groups' constraint due to warnings found
INFO     : SDC file '/home/trinity/Downloads/efinity/2024.2/project/verilog_learnings/adder_cons.sdc' parsed successfully.
INFO     : 1 clocks (including virtual clocks), 0 inputs and 0 outputs were constrained.
